[2026-06-07 11:37:07] Checking for updates...
[2026-06-07 11:37:07] Local: 0.1.0 | Remote: 0.1.0
[2026-06-07 11:37:07] Already up to date.
[2026-06-07 12:00:01] Checking for updates...
[2026-06-07 12:00:01] Checking for updates...
[2026-06-07 12:00:01] Local: 0.1.0 | Remote: 0.1.0
[2026-06-07 12:00:01] Local: 0.1.0 | Remote: 0.1.0
[2026-06-07 12:00:01] Already up to date.
[2026-06-07 12:00:01] Already up to date.
[2026-06-07 13:00:01] Checking for updates...
[2026-06-07 13:00:01] Checking for updates...
[2026-06-07 13:00:01] Local: 0.1.0 | Remote: 0.1.0
[2026-06-07 13:00:01] Local: 0.1.0 | Remote: 0.1.0
[2026-06-07 13:00:01] Already up to date.
[2026-06-07 13:00:01] Already up to date.
[2026-06-07 15:00:01] Checking for updates...
[2026-06-07 15:00:01] Checking for updates...
[2026-06-07 15:00:01] Local: 0.1.0 | Remote: 0.1.0
[2026-06-07 15:00:01] Local: 0.1.0 | Remote: 0.1.0
[2026-06-07 15:00:01] Already up to date.
[2026-06-07 15:00:01] Already up to date.
[2026-06-07 16:00:01] Checking for updates...
[2026-06-07 16:00:01] Checking for updates...
[2026-06-07 16:00:01] Local: 0.1.0 | Remote: 0.1.0
[2026-06-07 16:00:01] Local: 0.1.0 | Remote: 0.1.0
[2026-06-07 16:00:01] Already up to date.
[2026-06-07 16:00:01] Already up to date.
[2026-06-07 17:00:01] Checking for updates...
[2026-06-07 17:00:01] Checking for updates...
[2026-06-07 17:00:01] Local: 0.1.0 | Remote: 0.1.0
[2026-06-07 17:00:01] Local: 0.1.0 | Remote: 0.1.0
[2026-06-07 17:00:01] Already up to date.
[2026-06-07 17:00:01] Already up to date.
[2026-06-07 18:00:01] Checking for updates...
[2026-06-07 18:00:01] Checking for updates...
[2026-06-07 18:00:02] Local: 0.1.0 | Remote: 0.1.0
[2026-06-07 18:00:02] Local: 0.1.0 | Remote: 0.1.0
[2026-06-07 18:00:02] Already up to date.
[2026-06-07 18:00:02] Already up to date.
[2026-06-07 19:00:01] Checking for updates...
[2026-06-07 19:00:01] Checking for updates...
[2026-06-07 19:00:01] Local: 0.1.0 | Remote: 0.1.0
[2026-06-07 19:00:01] Local: 0.1.0 | Remote: 0.1.0
[2026-06-07 19:00:01] Already up to date.
[2026-06-07 19:00:01] Already up to date.
[2026-06-07 20:00:01] Checking for updates...
[2026-06-07 20:00:01] Checking for updates...
[2026-06-07 20:00:02] Local: 0.2.0 | Remote: 0.2.0
[2026-06-07 20:00:02] Local: 0.2.0 | Remote: 0.2.0
[2026-06-07 20:00:02] Already up to date.
[2026-06-07 20:00:02] Already up to date.
[2026-06-07 21:00:01] Checking for updates...
[2026-06-07 21:00:01] Checking for updates...
[2026-06-07 21:00:01] Local: 0.2.0 | Remote: 0.2.0
[2026-06-07 21:00:01] Local: 0.2.0 | Remote: 0.2.0
[2026-06-07 21:00:01] Already up to date.
[2026-06-07 21:00:01] Already up to date.
[2026-06-07 22:00:01] Checking for updates...
[2026-06-07 22:00:01] Checking for updates...
[2026-06-07 22:00:01] Local: 0.2.0 | Remote: 0.2.0
[2026-06-07 22:00:01] Local: 0.2.0 | Remote: 0.2.0
[2026-06-07 22:00:01] Already up to date.
[2026-06-07 22:00:01] Already up to date.
[2026-06-07 23:00:01] Checking for updates...
[2026-06-07 23:00:01] Checking for updates...
[2026-06-07 23:00:01] Local: 0.2.0 | Remote: 0.2.0
[2026-06-07 23:00:01] Local: 0.2.0 | Remote: 0.2.0
[2026-06-07 23:00:01] Already up to date.
[2026-06-07 23:00:01] Already up to date.
[2026-06-08 00:00:01] Checking for updates...
[2026-06-08 00:00:01] Checking for updates...
[2026-06-08 00:00:01] Local: 0.2.0 | Remote: 0.2.0
[2026-06-08 00:00:01] Local: 0.2.0 | Remote: 0.2.0
[2026-06-08 00:00:01] Already up to date.
[2026-06-08 00:00:01] Already up to date.
[2026-06-08 01:00:01] Checking for updates...
[2026-06-08 01:00:01] Checking for updates...
[2026-06-08 01:00:02] Local: 0.2.0 | Remote: 0.2.0
[2026-06-08 01:00:02] Local: 0.2.0 | Remote: 0.2.0
[2026-06-08 01:00:02] Already up to date.
[2026-06-08 01:00:02] Already up to date.
[2026-06-08 02:00:01] Checking for updates...
[2026-06-08 02:00:01] Checking for updates...
[2026-06-08 02:00:01] Local: 0.2.0 | Remote: 0.2.0
[2026-06-08 02:00:01] Local: 0.2.0 | Remote: 0.2.0
[2026-06-08 02:00:01] Already up to date.
[2026-06-08 02:00:01] Already up to date.
[2026-06-08 03:00:01] Checking for updates...
[2026-06-08 03:00:01] Checking for updates...
[2026-06-08 03:00:02] Local: 0.2.0 | Remote: 0.2.0
[2026-06-08 03:00:02] Local: 0.2.0 | Remote: 0.2.0
[2026-06-08 03:00:02] Already up to date.
[2026-06-08 03:00:02] Already up to date.
[2026-06-08 04:00:01] Checking for updates...
[2026-06-08 04:00:01] Checking for updates...
[2026-06-08 04:00:01] Local: 0.2.0 | Remote: 0.2.0
[2026-06-08 04:00:01] Local: 0.2.0 | Remote: 0.2.0
[2026-06-08 04:00:01] Already up to date.
[2026-06-08 04:00:01] Already up to date.
[2026-06-08 05:00:01] Checking for updates...
[2026-06-08 05:00:01] Checking for updates...
[2026-06-08 05:00:01] Local: 0.2.0 | Remote: 0.2.0
[2026-06-08 05:00:01] Local: 0.2.0 | Remote: 0.2.0
[2026-06-08 05:00:01] Already up to date.
[2026-06-08 05:00:01] Already up to date.
[2026-06-08 06:00:01] Checking for updates...
[2026-06-08 06:00:01] Checking for updates...
[2026-06-08 06:00:02] Local: 0.2.0 | Remote: 0.2.0
[2026-06-08 06:00:02] Local: 0.2.0 | Remote: 0.2.0
[2026-06-08 06:00:02] Already up to date.
[2026-06-08 06:00:02] Already up to date.
[2026-06-08 07:00:01] Checking for updates...
[2026-06-08 07:00:01] Checking for updates...
[2026-06-08 07:00:01] Local: 0.2.0 | Remote: 0.2.0
[2026-06-08 07:00:01] Local: 0.2.0 | Remote: 0.2.0
[2026-06-08 07:00:01] Already up to date.
[2026-06-08 07:00:01] Already up to date.
[2026-06-08 08:00:01] Checking for updates...
[2026-06-08 08:00:01] Checking for updates...
[2026-06-08 08:00:02] Local: 0.2.0 | Remote: 0.2.0
[2026-06-08 08:00:02] Local: 0.2.0 | Remote: 0.2.0
[2026-06-08 08:00:02] Already up to date.
[2026-06-08 08:00:02] Already up to date.
[2026-06-08 09:00:01] Checking for updates...
[2026-06-08 09:00:01] Checking for updates...
[2026-06-08 09:00:01] Local: 0.2.0 | Remote: 0.2.0
[2026-06-08 09:00:01] Local: 0.2.0 | Remote: 0.2.0
[2026-06-08 09:00:01] Already up to date.
[2026-06-08 09:00:01] Already up to date.
[2026-06-08 10:00:01] Checking for updates...
[2026-06-08 10:00:01] Checking for updates...
[2026-06-08 10:00:01] Local: 0.2.0 | Remote: 0.2.0
[2026-06-08 10:00:01] Local: 0.2.0 | Remote: 0.2.0
[2026-06-08 10:00:01] Already up to date.
[2026-06-08 10:00:01] Already up to date.
[2026-06-08 11:00:01] Checking for updates...
[2026-06-08 11:00:01] Checking for updates...
[2026-06-08 11:00:02] Local: 0.2.0 | Remote: 0.2.0
[2026-06-08 11:00:02] Local: 0.2.0 | Remote: 0.2.0
[2026-06-08 11:00:02] Already up to date.
[2026-06-08 11:00:02] Already up to date.
[2026-06-08 12:00:01] Checking for updates...
[2026-06-08 12:00:01] Checking for updates...
[2026-06-08 12:00:01] Local: 0.2.0 | Remote: 0.2.0
[2026-06-08 12:00:01] Local: 0.2.0 | Remote: 0.2.0
[2026-06-08 12:00:01] Already up to date.
[2026-06-08 12:00:01] Already up to date.
[2026-06-08 13:00:01] Checking for updates...
[2026-06-08 13:00:01] Checking for updates...
[2026-06-08 13:00:01] Local: 0.2.0 | Remote: 0.2.0
[2026-06-08 13:00:01] Local: 0.2.0 | Remote: 0.2.0
[2026-06-08 13:00:01] Already up to date.
[2026-06-08 13:00:01] Already up to date.
[2026-06-08 14:00:02] Checking for updates...
[2026-06-08 14:00:02] Checking for updates...
[2026-06-08 14:00:02] Local: 0.2.0 | Remote: 0.2.0
[2026-06-08 14:00:02] Local: 0.2.0 | Remote: 0.2.0
[2026-06-08 14:00:02] Already up to date.
[2026-06-08 14:00:02] Already up to date.
[2026-06-08 15:00:01] Checking for updates...
[2026-06-08 15:00:01] Checking for updates...
[2026-06-08 15:00:01] Local: 0.2.0 | Remote: 0.2.0
[2026-06-08 15:00:01] Local: 0.2.0 | Remote: 0.2.0
[2026-06-08 15:00:01] Already up to date.
[2026-06-08 15:00:01] Already up to date.
[2026-06-08 16:00:01] Checking for updates...
[2026-06-08 16:00:01] Checking for updates...
[2026-06-08 16:00:02] Local: 0.3.0 | Remote: 0.3.0
[2026-06-08 16:00:02] Local: 0.3.0 | Remote: 0.3.0
[2026-06-08 16:00:02] Already up to date.
[2026-06-08 16:00:02] Already up to date.
[2026-06-08 17:00:01] Checking for updates...
[2026-06-08 17:00:01] Checking for updates...
[2026-06-08 17:00:01] Local: 0.3.0 | Remote: 0.3.0
[2026-06-08 17:00:01] Local: 0.3.0 | Remote: 0.3.0
[2026-06-08 17:00:01] Already up to date.
[2026-06-08 17:00:01] Already up to date.
[2026-06-08 18:00:01] Checking for updates...
[2026-06-08 18:00:01] Checking for updates...
[2026-06-08 18:00:01] Local: 0.3.0 | Remote: 0.3.0
[2026-06-08 18:00:01] Local: 0.3.0 | Remote: 0.3.0
[2026-06-08 18:00:01] Already up to date.
[2026-06-08 18:00:01] Already up to date.
[2026-06-08 19:00:01] Checking for updates...
[2026-06-08 19:00:01] Checking for updates...
[2026-06-08 19:00:02] Local: 0.3.0 | Remote: 0.3.0
[2026-06-08 19:00:02] Local: 0.3.0 | Remote: 0.3.0
[2026-06-08 19:00:02] Already up to date.
[2026-06-08 19:00:02] Already up to date.
[2026-06-08 20:00:01] Checking for updates...
[2026-06-08 20:00:01] Checking for updates...
[2026-06-08 20:00:01] Local: 0.3.0 | Remote: 0.3.0
[2026-06-08 20:00:01] Local: 0.3.0 | Remote: 0.3.0
[2026-06-08 20:00:01] Already up to date.
[2026-06-08 20:00:01] Already up to date.
[2026-06-08 21:00:01] Checking for updates...
[2026-06-08 21:00:01] Checking for updates...
[2026-06-08 21:00:01] Local: 0.3.0 | Remote: 0.3.0
[2026-06-08 21:00:01] Local: 0.3.0 | Remote: 0.3.0
[2026-06-08 21:00:01] Already up to date.
[2026-06-08 21:00:01] Already up to date.
[2026-06-08 22:00:01] Checking for updates...
[2026-06-08 22:00:01] Checking for updates...
[2026-06-08 22:00:02] Local: 0.3.0 | Remote: 0.3.0
[2026-06-08 22:00:02] Local: 0.3.0 | Remote: 0.3.0
[2026-06-08 22:00:02] Already up to date.
[2026-06-08 22:00:02] Already up to date.
[2026-06-08 23:00:01] Checking for updates...
[2026-06-08 23:00:01] Checking for updates...
[2026-06-08 23:00:01] Local: 0.3.0 | Remote: 0.3.0
[2026-06-08 23:00:01] Local: 0.3.0 | Remote: 0.3.0
[2026-06-08 23:00:01] Already up to date.
[2026-06-08 23:00:01] Already up to date.
[2026-06-09 00:00:01] Checking for updates...
[2026-06-09 00:00:01] Checking for updates...
[2026-06-09 00:00:01] Local: 0.3.0 | Remote: 0.3.0
[2026-06-09 00:00:01] Local: 0.3.0 | Remote: 0.3.0
[2026-06-09 00:00:01] Already up to date.
[2026-06-09 00:00:01] Already up to date.
[2026-06-09 01:00:01] Checking for updates...
[2026-06-09 01:00:01] Checking for updates...
[2026-06-09 01:00:01] Local: 0.3.0 | Remote: 0.3.0
[2026-06-09 01:00:01] Local: 0.3.0 | Remote: 0.3.0
[2026-06-09 01:00:01] Already up to date.
[2026-06-09 01:00:01] Already up to date.
[2026-06-09 02:00:01] Checking for updates...
[2026-06-09 02:00:01] Checking for updates...
[2026-06-09 02:00:01] Local: 0.3.0 | Remote: 0.3.0
[2026-06-09 02:00:01] Local: 0.3.0 | Remote: 0.3.0
[2026-06-09 02:00:01] Already up to date.
[2026-06-09 02:00:01] Already up to date.
[2026-06-09 03:00:01] Checking for updates...
[2026-06-09 03:00:01] Checking for updates...
[2026-06-09 03:00:02] Local: 0.3.0 | Remote: 0.3.0
[2026-06-09 03:00:02] Local: 0.3.0 | Remote: 0.3.0
[2026-06-09 03:00:02] Already up to date.
[2026-06-09 03:00:02] Already up to date.
[2026-06-09 04:00:01] Checking for updates...
[2026-06-09 04:00:01] Checking for updates...
[2026-06-09 04:00:01] Local: 0.3.0 | Remote: 0.3.0
[2026-06-09 04:00:01] Local: 0.3.0 | Remote: 0.3.0
[2026-06-09 04:00:01] Already up to date.
[2026-06-09 04:00:01] Already up to date.
[2026-06-09 05:00:01] Checking for updates...
[2026-06-09 05:00:01] Checking for updates...
[2026-06-09 05:00:01] Local: 0.3.0 | Remote: 0.3.0
[2026-06-09 05:00:01] Local: 0.3.0 | Remote: 0.3.0
[2026-06-09 05:00:01] Already up to date.
[2026-06-09 05:00:01] Already up to date.
[2026-06-09 06:00:01] Checking for updates...
[2026-06-09 06:00:01] Checking for updates...
[2026-06-09 06:00:02] Local: 0.3.0 | Remote: 0.3.0
[2026-06-09 06:00:02] Local: 0.3.0 | Remote: 0.3.0
[2026-06-09 06:00:02] Already up to date.
[2026-06-09 06:00:02] Already up to date.
[2026-06-09 07:00:01] Checking for updates...
[2026-06-09 07:00:01] Checking for updates...
[2026-06-09 07:00:01] Local: 0.3.0 | Remote: 0.3.0
[2026-06-09 07:00:01] Local: 0.3.0 | Remote: 0.3.0
[2026-06-09 07:00:01] Already up to date.
[2026-06-09 07:00:01] Already up to date.
[2026-06-09 08:00:01] Checking for updates...
[2026-06-09 08:00:01] Checking for updates...
[2026-06-09 08:00:01] Local: 0.3.0 | Remote: 0.3.0
[2026-06-09 08:00:01] Local: 0.3.0 | Remote: 0.3.0
[2026-06-09 08:00:01] Already up to date.
[2026-06-09 08:00:01] Already up to date.
[2026-06-09 09:00:01] Checking for updates...
[2026-06-09 09:00:01] Checking for updates...
[2026-06-09 09:00:02] Local: 0.3.0 | Remote: 0.3.0
[2026-06-09 09:00:02] Local: 0.3.0 | Remote: 0.3.0
[2026-06-09 09:00:02] Already up to date.
[2026-06-09 09:00:02] Already up to date.
[2026-06-09 10:00:01] Checking for updates...
[2026-06-09 10:00:01] Checking for updates...
[2026-06-09 10:00:01] Local: 0.3.0 | Remote: 0.3.0
[2026-06-09 10:00:01] Local: 0.3.0 | Remote: 0.3.0
[2026-06-09 10:00:01] Already up to date.
[2026-06-09 10:00:01] Already up to date.
[2026-06-09 11:00:01] Checking for updates...
[2026-06-09 11:00:01] Checking for updates...
[2026-06-09 11:00:02] Local: 0.3.0 | Remote: 0.3.0
[2026-06-09 11:00:02] Local: 0.3.0 | Remote: 0.3.0
[2026-06-09 11:00:02] Already up to date.
[2026-06-09 11:00:02] Already up to date.
[2026-06-09 12:00:01] Checking for updates...
[2026-06-09 12:00:01] Checking for updates...
[2026-06-09 12:00:01] Local: 0.3.0 | Remote: 0.3.0
[2026-06-09 12:00:01] Local: 0.3.0 | Remote: 0.3.0
[2026-06-09 12:00:01] Already up to date.
[2026-06-09 12:00:01] Already up to date.
[2026-06-09 13:00:01] Checking for updates...
[2026-06-09 13:00:01] Checking for updates...
[2026-06-09 13:00:02] Local: 0.3.0 | Remote: 0.3.0
[2026-06-09 13:00:02] Local: 0.3.0 | Remote: 0.3.0
[2026-06-09 13:00:02] Already up to date.
[2026-06-09 13:00:02] Already up to date.
[2026-06-09 14:00:01] Checking for updates...
[2026-06-09 14:00:01] Checking for updates...
[2026-06-09 14:00:01] Local: 0.3.0 | Remote: 0.3.0
[2026-06-09 14:00:01] Local: 0.3.0 | Remote: 0.3.0
[2026-06-09 14:00:01] Already up to date.
[2026-06-09 14:00:01] Already up to date.
[2026-06-09 15:00:01] Checking for updates...
[2026-06-09 15:00:01] Checking for updates...
[2026-06-09 15:00:01] Local: 0.3.0 | Remote: 0.3.0
[2026-06-09 15:00:01] Local: 0.3.0 | Remote: 0.3.0
[2026-06-09 15:00:01] Already up to date.
[2026-06-09 15:00:01] Already up to date.
[2026-06-09 16:00:01] Checking for updates...
[2026-06-09 16:00:01] Checking for updates...
[2026-06-09 16:00:02] Local: 0.3.0 | Remote: 0.3.0
[2026-06-09 16:00:02] Local: 0.3.0 | Remote: 0.3.0
[2026-06-09 16:00:02] Already up to date.
[2026-06-09 16:00:02] Already up to date.
[2026-06-09 17:00:01] Checking for updates...
[2026-06-09 17:00:01] Checking for updates...
[2026-06-09 17:00:01] Local: 0.3.0 | Remote: 0.3.0
[2026-06-09 17:00:01] Local: 0.3.0 | Remote: 0.3.0
[2026-06-09 17:00:01] Already up to date.
[2026-06-09 17:00:01] Already up to date.
[2026-06-09 18:00:01] Checking for updates...
[2026-06-09 18:00:01] Checking for updates...
[2026-06-09 18:00:01] Local: 0.3.0 | Remote: 0.3.0
[2026-06-09 18:00:01] Local: 0.3.0 | Remote: 0.3.0
[2026-06-09 18:00:01] Already up to date.
[2026-06-09 18:00:01] Already up to date.
[2026-06-09 19:00:01] Checking for updates...
[2026-06-09 19:00:01] Checking for updates...
[2026-06-09 19:00:02] Local: 0.3.0 | Remote: 0.3.0
[2026-06-09 19:00:02] Local: 0.3.0 | Remote: 0.3.0
[2026-06-09 19:00:02] Already up to date.
[2026-06-09 19:00:02] Already up to date.
[2026-06-09 20:00:01] Checking for updates...
[2026-06-09 20:00:01] Checking for updates...
[2026-06-09 20:00:01] Local: 0.3.0 | Remote: 0.3.0
[2026-06-09 20:00:01] Local: 0.3.0 | Remote: 0.3.0
[2026-06-09 20:00:01] Already up to date.
[2026-06-09 20:00:01] Already up to date.
[2026-06-09 21:00:01] Checking for updates...
[2026-06-09 21:00:01] Checking for updates...
[2026-06-09 21:00:02] Local: 0.3.0 | Remote: 0.3.0
[2026-06-09 21:00:02] Local: 0.3.0 | Remote: 0.3.0
[2026-06-09 21:00:02] Already up to date.
[2026-06-09 21:00:02] Already up to date.
[2026-06-09 22:00:01] Checking for updates...
[2026-06-09 22:00:01] Checking for updates...
[2026-06-09 22:00:01] Local: 0.3.0 | Remote: 0.3.0
[2026-06-09 22:00:01] Local: 0.3.0 | Remote: 0.3.0
[2026-06-09 22:00:01] Already up to date.
[2026-06-09 22:00:01] Already up to date.
[2026-06-09 23:00:01] Checking for updates...
[2026-06-09 23:00:01] Checking for updates...
[2026-06-09 23:00:02] Local: 0.3.0 | Remote: 0.3.0
[2026-06-09 23:00:02] Local: 0.3.0 | Remote: 0.3.0
[2026-06-09 23:00:02] Already up to date.
[2026-06-09 23:00:02] Already up to date.
[2026-06-10 00:00:01] Checking for updates...
[2026-06-10 00:00:01] Checking for updates...
[2026-06-10 00:00:01] Local: 0.3.0 | Remote: 0.3.0
[2026-06-10 00:00:01] Local: 0.3.0 | Remote: 0.3.0
[2026-06-10 00:00:01] Already up to date.
[2026-06-10 00:00:01] Already up to date.
[2026-06-10 01:00:01] Checking for updates...
[2026-06-10 01:00:01] Checking for updates...
[2026-06-10 01:00:01] Local: 0.3.0 | Remote: 0.3.0
[2026-06-10 01:00:01] Local: 0.3.0 | Remote: 0.3.0
[2026-06-10 01:00:01] Already up to date.
[2026-06-10 01:00:01] Already up to date.
[2026-06-10 02:00:01] Checking for updates...
[2026-06-10 02:00:01] Checking for updates...
[2026-06-10 02:00:02] Local: 0.3.0 | Remote: 0.3.0
[2026-06-10 02:00:02] Local: 0.3.0 | Remote: 0.3.0
[2026-06-10 02:00:02] Already up to date.
[2026-06-10 02:00:02] Already up to date.
[2026-06-10 03:00:01] Checking for updates...
[2026-06-10 03:00:01] Checking for updates...
[2026-06-10 03:00:01] Local: 0.3.0 | Remote: 0.3.0
[2026-06-10 03:00:01] Local: 0.3.0 | Remote: 0.3.0
[2026-06-10 03:00:01] Already up to date.
[2026-06-10 03:00:01] Already up to date.
[2026-06-10 04:00:01] Checking for updates...
[2026-06-10 04:00:01] Checking for updates...
[2026-06-10 04:00:02] Local: 0.3.0 | Remote: 0.3.0
[2026-06-10 04:00:02] Local: 0.3.0 | Remote: 0.3.0
[2026-06-10 04:00:02] Already up to date.
[2026-06-10 04:00:02] Already up to date.
[2026-06-10 05:00:01] Checking for updates...
[2026-06-10 05:00:01] Checking for updates...
[2026-06-10 05:00:01] Local: 0.3.0 | Remote: 0.3.0
[2026-06-10 05:00:01] Local: 0.3.0 | Remote: 0.3.0
[2026-06-10 05:00:01] Already up to date.
[2026-06-10 05:00:01] Already up to date.
[2026-06-10 06:00:01] Checking for updates...
[2026-06-10 06:00:01] Checking for updates...
[2026-06-10 06:00:01] Local: 0.3.0 | Remote: 0.3.0
[2026-06-10 06:00:01] Local: 0.3.0 | Remote: 0.3.0
[2026-06-10 06:00:01] Already up to date.
[2026-06-10 06:00:01] Already up to date.
[2026-06-10 07:00:01] Checking for updates...
[2026-06-10 07:00:01] Checking for updates...
[2026-06-10 07:00:02] Local: 0.3.0 | Remote: 0.3.0
[2026-06-10 07:00:02] Local: 0.3.0 | Remote: 0.3.0
[2026-06-10 07:00:02] Already up to date.
[2026-06-10 07:00:02] Already up to date.
[2026-06-10 08:00:01] Checking for updates...
[2026-06-10 08:00:01] Checking for updates...
[2026-06-10 08:00:01] Local: 0.3.0 | Remote: 0.3.0
[2026-06-10 08:00:01] Local: 0.3.0 | Remote: 0.3.0
[2026-06-10 08:00:01] Already up to date.
[2026-06-10 08:00:01] Already up to date.
[2026-06-10 09:00:01] Checking for updates...
[2026-06-10 09:00:01] Checking for updates...
[2026-06-10 09:00:02] Local: 0.3.0 | Remote: 0.3.0
[2026-06-10 09:00:02] Local: 0.3.0 | Remote: 0.3.0
[2026-06-10 09:00:02] Already up to date.
[2026-06-10 09:00:02] Already up to date.
[2026-06-10 10:00:01] Checking for updates...
[2026-06-10 10:00:01] Checking for updates...
[2026-06-10 10:00:01] Local: 0.3.0 | Remote: 0.3.0
[2026-06-10 10:00:01] Local: 0.3.0 | Remote: 0.3.0
[2026-06-10 10:00:01] Already up to date.
[2026-06-10 10:00:01] Already up to date.
[2026-06-10 11:00:01] Checking for updates...
[2026-06-10 11:00:01] Checking for updates...
[2026-06-10 11:00:01] Local: 0.3.0 | Remote: 0.3.0
[2026-06-10 11:00:01] Local: 0.3.0 | Remote: 0.3.0
[2026-06-10 11:00:01] Already up to date.
[2026-06-10 11:00:01] Already up to date.
[2026-06-10 12:00:01] Checking for updates...
[2026-06-10 12:00:01] Checking for updates...
[2026-06-10 12:00:02] Local: 0.3.0 | Remote: 0.3.0
[2026-06-10 12:00:02] Local: 0.3.0 | Remote: 0.3.0
[2026-06-10 12:00:02] Already up to date.
[2026-06-10 12:00:02] Already up to date.
[2026-06-10 13:00:01] Checking for updates...
[2026-06-10 13:00:01] Checking for updates...
[2026-06-10 13:00:01] Local: 0.3.0 | Remote: 0.3.0
[2026-06-10 13:00:01] Local: 0.3.0 | Remote: 0.3.0
[2026-06-10 13:00:01] Already up to date.
[2026-06-10 13:00:01] Already up to date.
[2026-06-10 14:00:01] Checking for updates...
[2026-06-10 14:00:01] Checking for updates...
[2026-06-10 14:00:02] Local: 0.4.0 | Remote: 0.4.0
[2026-06-10 14:00:02] Local: 0.4.0 | Remote: 0.4.0
[2026-06-10 14:00:02] Already up to date.
[2026-06-10 14:00:02] Already up to date.
[2026-06-10 15:00:01] Checking for updates...
[2026-06-10 15:00:01] Checking for updates...
[2026-06-10 15:00:01] Local: 0.4.0 | Remote: 0.4.0
[2026-06-10 15:00:01] Local: 0.4.0 | Remote: 0.4.0
[2026-06-10 15:00:01] Already up to date.
[2026-06-10 15:00:01] Already up to date.
[2026-06-10 16:00:01] Checking for updates...
[2026-06-10 16:00:01] Checking for updates...
[2026-06-10 16:00:02] Local: 0.4.0 | Remote: 1.0.0
[2026-06-10 16:00:02] Local: 0.4.0 | Remote: 1.0.0
[2026-06-10 16:00:02] Update found (0.4.0 -> 1.0.0). Downloading...
[2026-06-10 16:00:02] Update found (0.4.0 -> 1.0.0). Downloading...
[2026-06-10 16:00:12] Successfully updated to 1.0.0.
[2026-06-10 16:00:12] Successfully updated to 1.0.0.
[2026-06-10 17:00:01] Checking for updates...
[2026-06-10 17:00:01] Checking for updates...
[2026-06-10 17:00:01] Local: 1.0.0 | Remote: 1.1.0
[2026-06-10 17:00:01] Local: 1.0.0 | Remote: 1.1.0
[2026-06-10 17:00:01] Update found (1.0.0 -> 1.1.0). Downloading...
[2026-06-10 17:00:01] Update found (1.0.0 -> 1.1.0). Downloading...
[2026-06-10 17:00:08] Successfully updated to 1.1.0.
[2026-06-10 17:00:08] Successfully updated to 1.1.0.
[2026-06-10 18:00:01] Checking for updates...
[2026-06-10 18:00:01] Checking for updates...
[2026-06-10 18:00:01] Local: 1.1.0 | Remote: 1.1.0
[2026-06-10 18:00:01] Local: 1.1.0 | Remote: 1.1.0
[2026-06-10 18:00:01] Already up to date.
[2026-06-10 18:00:01] Already up to date.
[2026-06-10 19:00:01] Checking for updates...
[2026-06-10 19:00:01] Checking for updates...
[2026-06-10 19:00:02] Local: 1.1.0 | Remote: 1.1.0
[2026-06-10 19:00:02] Local: 1.1.0 | Remote: 1.1.0
[2026-06-10 19:00:02] Already up to date.
[2026-06-10 19:00:02] Already up to date.
[2026-06-10 20:00:01] Checking for updates...
[2026-06-10 20:00:01] Checking for updates...
[2026-06-10 20:00:01] Local: 1.1.0 | Remote: 1.1.0
[2026-06-10 20:00:01] Local: 1.1.0 | Remote: 1.1.0
[2026-06-10 20:00:01] Already up to date.
[2026-06-10 20:00:01] Already up to date.
[2026-06-10 21:00:01] Checking for updates...
[2026-06-10 21:00:01] Checking for updates...
[2026-06-10 21:00:01] Local: 1.1.0 | Remote: 1.1.0
[2026-06-10 21:00:01] Local: 1.1.0 | Remote: 1.1.0
[2026-06-10 21:00:01] Already up to date.
[2026-06-10 21:00:01] Already up to date.
[2026-06-10 22:00:01] Checking for updates...
[2026-06-10 22:00:01] Checking for updates...
[2026-06-10 22:00:02] Local: 1.1.0 | Remote: 1.1.0
[2026-06-10 22:00:02] Local: 1.1.0 | Remote: 1.1.0
[2026-06-10 22:00:02] Already up to date.
[2026-06-10 22:00:02] Already up to date.
[2026-06-10 23:00:01] Checking for updates...
[2026-06-10 23:00:01] Checking for updates...
[2026-06-10 23:00:01] Local: 1.1.0 | Remote: 1.1.0
[2026-06-10 23:00:01] Local: 1.1.0 | Remote: 1.1.0
[2026-06-10 23:00:01] Already up to date.
[2026-06-10 23:00:01] Already up to date.
[2026-06-11 00:00:01] Checking for updates...
[2026-06-11 00:00:01] Checking for updates...
[2026-06-11 00:00:01] Local: 1.1.0 | Remote: 1.1.0
[2026-06-11 00:00:01] Local: 1.1.0 | Remote: 1.1.0
[2026-06-11 00:00:01] Already up to date.
[2026-06-11 00:00:01] Already up to date.
[2026-06-11 01:00:01] Checking for updates...
[2026-06-11 01:00:01] Checking for updates...
[2026-06-11 01:00:02] Local: 1.1.0 | Remote: 1.1.0
[2026-06-11 01:00:02] Local: 1.1.0 | Remote: 1.1.0
[2026-06-11 01:00:02] Already up to date.
[2026-06-11 01:00:02] Already up to date.
[2026-06-11 02:00:01] Checking for updates...
[2026-06-11 02:00:01] Checking for updates...
[2026-06-11 02:00:01] Local: 1.1.0 | Remote: 1.1.0
[2026-06-11 02:00:01] Local: 1.1.0 | Remote: 1.1.0
[2026-06-11 02:00:01] Already up to date.
[2026-06-11 02:00:01] Already up to date.
[2026-06-11 03:00:01] Checking for updates...
[2026-06-11 03:00:01] Checking for updates...
[2026-06-11 03:00:02] Local: 1.1.0 | Remote: 1.1.0
[2026-06-11 03:00:02] Local: 1.1.0 | Remote: 1.1.0
[2026-06-11 03:00:02] Already up to date.
[2026-06-11 03:00:02] Already up to date.
[2026-06-11 04:00:01] Checking for updates...
[2026-06-11 04:00:01] Checking for updates...
[2026-06-11 04:00:01] Local: 1.1.0 | Remote: 1.1.0
[2026-06-11 04:00:01] Local: 1.1.0 | Remote: 1.1.0
[2026-06-11 04:00:01] Already up to date.
[2026-06-11 04:00:01] Already up to date.
[2026-06-11 05:00:01] Checking for updates...
[2026-06-11 05:00:01] Checking for updates...
[2026-06-11 05:00:01] Local: 1.1.0 | Remote: 1.1.0
[2026-06-11 05:00:01] Local: 1.1.0 | Remote: 1.1.0
[2026-06-11 05:00:01] Already up to date.
[2026-06-11 05:00:01] Already up to date.
[2026-06-11 06:00:01] Checking for updates...
[2026-06-11 06:00:01] Checking for updates...
[2026-06-11 06:00:02] Local: 1.1.0 | Remote: 1.1.0
[2026-06-11 06:00:02] Local: 1.1.0 | Remote: 1.1.0
[2026-06-11 06:00:02] Already up to date.
[2026-06-11 06:00:02] Already up to date.
[2026-06-11 07:00:01] Checking for updates...
[2026-06-11 07:00:01] Checking for updates...
[2026-06-11 07:00:01] Local: 1.1.0 | Remote: 1.1.0
[2026-06-11 07:00:01] Local: 1.1.0 | Remote: 1.1.0
[2026-06-11 07:00:01] Already up to date.
[2026-06-11 07:00:01] Already up to date.
[2026-06-11 08:00:01] Checking for updates...
[2026-06-11 08:00:01] Checking for updates...
[2026-06-11 08:00:02] Local: 1.1.0 | Remote: 1.1.0
[2026-06-11 08:00:02] Local: 1.1.0 | Remote: 1.1.0
[2026-06-11 08:00:02] Already up to date.
[2026-06-11 08:00:02] Already up to date.
[2026-06-11 09:00:01] Checking for updates...
[2026-06-11 09:00:01] Checking for updates...
[2026-06-11 09:00:01] Local: 1.1.0 | Remote: 1.1.0
[2026-06-11 09:00:01] Local: 1.1.0 | Remote: 1.1.0
[2026-06-11 09:00:01] Already up to date.
[2026-06-11 09:00:01] Already up to date.
[2026-06-11 10:00:01] Checking for updates...
[2026-06-11 10:00:01] Checking for updates...
[2026-06-11 10:00:01] Local: 1.1.0 | Remote: 1.1.0
[2026-06-11 10:00:01] Local: 1.1.0 | Remote: 1.1.0
[2026-06-11 10:00:01] Already up to date.
[2026-06-11 10:00:01] Already up to date.
[2026-06-11 11:00:02] Checking for updates...
[2026-06-11 11:00:02] Checking for updates...
[2026-06-11 11:00:02] Local: 1.1.0 | Remote: 1.1.0
[2026-06-11 11:00:02] Local: 1.1.0 | Remote: 1.1.0
[2026-06-11 11:00:02] Already up to date.
[2026-06-11 11:00:02] Already up to date.
[2026-06-11 12:00:01] Checking for updates...
[2026-06-11 12:00:01] Checking for updates...
[2026-06-11 12:00:02] Local: 1.1.0 | Remote: 1.1.0
[2026-06-11 12:00:02] Local: 1.1.0 | Remote: 1.1.0
[2026-06-11 12:00:02] Already up to date.
[2026-06-11 12:00:02] Already up to date.
[2026-06-11 13:00:01] Checking for updates...
[2026-06-11 13:00:01] Checking for updates...
[2026-06-11 13:00:01] Local: 1.1.0 | Remote: 1.1.0
[2026-06-11 13:00:01] Local: 1.1.0 | Remote: 1.1.0
[2026-06-11 13:00:01] Already up to date.
[2026-06-11 13:00:01] Already up to date.
[2026-06-11 14:00:01] Checking for updates...
[2026-06-11 14:00:01] Checking for updates...
[2026-06-11 14:00:21] ERROR: Could not fetch manifest. Skipping.
[2026-06-11 14:00:21] ERROR: Could not fetch manifest. Skipping.
[2026-06-11 15:00:01] Checking for updates...
[2026-06-11 15:00:01] Checking for updates...
[2026-06-11 15:00:02] Local: 1.1.0 | Remote: 1.1.0
[2026-06-11 15:00:02] Local: 1.1.0 | Remote: 1.1.0
[2026-06-11 15:00:02] Already up to date.
[2026-06-11 15:00:02] Already up to date.
[2026-06-11 16:00:01] Checking for updates...
[2026-06-11 16:00:01] Checking for updates...
[2026-06-11 16:00:01] Local: 1.1.0 | Remote: 1.1.0
[2026-06-11 16:00:01] Local: 1.1.0 | Remote: 1.1.0
[2026-06-11 16:00:01] Already up to date.
[2026-06-11 16:00:01] Already up to date.
[2026-06-11 17:00:01] Checking for updates...
[2026-06-11 17:00:01] Checking for updates...
[2026-06-11 17:00:01] Local: 1.1.0 | Remote: 1.1.0
[2026-06-11 17:00:01] Local: 1.1.0 | Remote: 1.1.0
[2026-06-11 17:00:01] Already up to date.
[2026-06-11 17:00:01] Already up to date.
[2026-06-11 18:00:01] Checking for updates...
[2026-06-11 18:00:01] Checking for updates...
[2026-06-11 18:00:02] Local: 1.1.0 | Remote: 1.1.0
[2026-06-11 18:00:02] Local: 1.1.0 | Remote: 1.1.0
[2026-06-11 18:00:02] Already up to date.
[2026-06-11 18:00:02] Already up to date.
[2026-06-11 19:00:01] Checking for updates...
[2026-06-11 19:00:01] Checking for updates...
[2026-06-11 19:00:01] Local: 1.1.0 | Remote: 1.1.0
[2026-06-11 19:00:01] Local: 1.1.0 | Remote: 1.1.0
[2026-06-11 19:00:01] Already up to date.
[2026-06-11 19:00:01] Already up to date.
[2026-06-11 20:00:01] Checking for updates...
[2026-06-11 20:00:01] Checking for updates...
[2026-06-11 20:00:01] Local: 1.1.0 | Remote: 1.1.0
[2026-06-11 20:00:01] Local: 1.1.0 | Remote: 1.1.0
[2026-06-11 20:00:01] Already up to date.
[2026-06-11 20:00:01] Already up to date.
[2026-06-11 21:00:01] Checking for updates...
[2026-06-11 21:00:01] Checking for updates...
[2026-06-11 21:00:02] Local: 1.1.0 | Remote: 1.1.0
[2026-06-11 21:00:02] Local: 1.1.0 | Remote: 1.1.0
[2026-06-11 21:00:02] Already up to date.
[2026-06-11 21:00:02] Already up to date.
[2026-06-11 22:00:01] Checking for updates...
[2026-06-11 22:00:01] Checking for updates...
[2026-06-11 22:00:01] Local: 1.1.0 | Remote: 1.1.0
[2026-06-11 22:00:01] Local: 1.1.0 | Remote: 1.1.0
[2026-06-11 22:00:01] Already up to date.
[2026-06-11 22:00:01] Already up to date.
[2026-06-11 23:00:01] Checking for updates...
[2026-06-11 23:00:01] Checking for updates...
[2026-06-11 23:00:02] Local: 1.1.0 | Remote: 1.1.0
[2026-06-11 23:00:02] Local: 1.1.0 | Remote: 1.1.0
[2026-06-11 23:00:02] Already up to date.
[2026-06-11 23:00:02] Already up to date.
[2026-06-12 00:00:01] Checking for updates...
[2026-06-12 00:00:01] Checking for updates...
[2026-06-12 00:00:01] Local: 1.1.0 | Remote: 1.1.0
[2026-06-12 00:00:01] Local: 1.1.0 | Remote: 1.1.0
[2026-06-12 00:00:01] Already up to date.
[2026-06-12 00:00:01] Already up to date.
[2026-06-12 01:00:01] Checking for updates...
[2026-06-12 01:00:01] Checking for updates...
[2026-06-12 01:00:01] Local: 1.1.0 | Remote: 1.1.0
[2026-06-12 01:00:01] Local: 1.1.0 | Remote: 1.1.0
[2026-06-12 01:00:01] Already up to date.
[2026-06-12 01:00:01] Already up to date.
[2026-06-12 02:00:01] Checking for updates...
[2026-06-12 02:00:01] Checking for updates...
[2026-06-12 02:00:02] Local: 1.1.0 | Remote: 1.1.0
[2026-06-12 02:00:02] Local: 1.1.0 | Remote: 1.1.0
[2026-06-12 02:00:02] Already up to date.
[2026-06-12 02:00:02] Already up to date.
[2026-06-12 03:00:01] Checking for updates...
[2026-06-12 03:00:01] Checking for updates...
[2026-06-12 03:00:01] Local: 1.1.0 | Remote: 1.1.0
[2026-06-12 03:00:01] Local: 1.1.0 | Remote: 1.1.0
[2026-06-12 03:00:01] Already up to date.
[2026-06-12 03:00:01] Already up to date.
[2026-06-12 04:00:01] Checking for updates...
[2026-06-12 04:00:01] Checking for updates...
[2026-06-12 04:00:01] Local: 1.1.0 | Remote: 1.1.0
[2026-06-12 04:00:01] Local: 1.1.0 | Remote: 1.1.0
[2026-06-12 04:00:01] Already up to date.
[2026-06-12 04:00:01] Already up to date.
[2026-06-12 05:00:01] Checking for updates...
[2026-06-12 05:00:01] Checking for updates...
[2026-06-12 05:00:02] Local: 1.1.0 | Remote: 1.1.0
[2026-06-12 05:00:02] Local: 1.1.0 | Remote: 1.1.0
[2026-06-12 05:00:02] Already up to date.
[2026-06-12 05:00:02] Already up to date.
[2026-06-12 06:00:01] Checking for updates...
[2026-06-12 06:00:01] Checking for updates...
[2026-06-12 06:00:01] Local: 1.1.0 | Remote: 1.1.0
[2026-06-12 06:00:01] Local: 1.1.0 | Remote: 1.1.0
[2026-06-12 06:00:01] Already up to date.
[2026-06-12 06:00:01] Already up to date.
[2026-06-12 07:00:01] Checking for updates...
[2026-06-12 07:00:01] Checking for updates...
[2026-06-12 07:00:02] Local: 1.1.0 | Remote: 1.1.0
[2026-06-12 07:00:02] Local: 1.1.0 | Remote: 1.1.0
[2026-06-12 07:00:02] Already up to date.
[2026-06-12 07:00:02] Already up to date.
[2026-06-12 08:00:01] Checking for updates...
[2026-06-12 08:00:01] Checking for updates...
[2026-06-12 08:00:01] Local: 1.1.0 | Remote: 1.1.0
[2026-06-12 08:00:01] Local: 1.1.0 | Remote: 1.1.0
[2026-06-12 08:00:01] Already up to date.
[2026-06-12 08:00:01] Already up to date.
[2026-06-12 09:00:01] Checking for updates...
[2026-06-12 09:00:01] Checking for updates...
[2026-06-12 09:00:01] Local: 1.1.0 | Remote: 1.1.0
[2026-06-12 09:00:01] Local: 1.1.0 | Remote: 1.1.0
[2026-06-12 09:00:01] Already up to date.
[2026-06-12 09:00:01] Already up to date.
[2026-06-12 10:00:01] Checking for updates...
[2026-06-12 10:00:01] Checking for updates...
[2026-06-12 10:00:02] Local: 1.1.0 | Remote: 1.1.0
[2026-06-12 10:00:02] Local: 1.1.0 | Remote: 1.1.0
[2026-06-12 10:00:02] Already up to date.
[2026-06-12 10:00:02] Already up to date.
[2026-06-12 11:00:01] Checking for updates...
[2026-06-12 11:00:01] Checking for updates...
[2026-06-12 11:00:01] Local: 1.1.0 | Remote: 1.1.0
[2026-06-12 11:00:01] Local: 1.1.0 | Remote: 1.1.0
[2026-06-12 11:00:01] Already up to date.
[2026-06-12 11:00:01] Already up to date.
[2026-06-12 12:00:01] Checking for updates...
[2026-06-12 12:00:01] Checking for updates...
[2026-06-12 12:00:02] Local: 1.1.0 | Remote: 1.1.0
[2026-06-12 12:00:02] Local: 1.1.0 | Remote: 1.1.0
[2026-06-12 12:00:02] Already up to date.
[2026-06-12 12:00:02] Already up to date.
[2026-06-12 13:00:01] Checking for updates...
[2026-06-12 13:00:01] Checking for updates...
[2026-06-12 13:00:01] Local: 1.1.0 | Remote: 1.1.0
[2026-06-12 13:00:01] Local: 1.1.0 | Remote: 1.1.0
[2026-06-12 13:00:01] Already up to date.
[2026-06-12 13:00:01] Already up to date.
[2026-06-12 14:00:01] Checking for updates...
[2026-06-12 14:00:01] Checking for updates...
[2026-06-12 14:00:01] Local: 1.1.0 | Remote: 1.1.0
[2026-06-12 14:00:01] Local: 1.1.0 | Remote: 1.1.0
[2026-06-12 14:00:01] Already up to date.
[2026-06-12 14:00:01] Already up to date.
[2026-06-12 15:00:01] Checking for updates...
[2026-06-12 15:00:01] Checking for updates...
[2026-06-12 15:00:02] Local: 1.1.0 | Remote: 1.1.0
[2026-06-12 15:00:02] Local: 1.1.0 | Remote: 1.1.0
[2026-06-12 15:00:02] Already up to date.
[2026-06-12 15:00:02] Already up to date.
[2026-06-12 16:00:01] Checking for updates...
[2026-06-12 16:00:01] Checking for updates...
[2026-06-12 16:00:01] Local: 1.1.0 | Remote: 1.1.0
[2026-06-12 16:00:01] Local: 1.1.0 | Remote: 1.1.0
[2026-06-12 16:00:01] Already up to date.
[2026-06-12 16:00:01] Already up to date.
